Flow report for Comparator_2
Sat Jul 03 00:20:03 2021
Quartus Prime Version 18.1.1 Build 646 04/11/2019 SJ Lite Edition


---------------------
; Table of Contents ;
---------------------
  1. Legal Notice
  2. Flow Summary
  3. Flow Settings
  4. Flow Non-Default Global Settings
  5. Flow Elapsed Time
  6. Flow OS Summary
  7. Flow Log
  8. Flow Messages
  9. Flow Suppressed Messages



----------------
; Legal Notice ;
----------------
Copyright (C) 2019  Intel Corporation. All rights reserved.
Your use of Intel Corporation's design tools, logic functions 
and other software and tools, and any partner logic 
functions, and any output files from any of the foregoing 
(including device programming or simulation files), and any 
associated documentation or information are expressly subject 
to the terms and conditions of the Intel Program License 
Subscription Agreement, the Intel Quartus Prime License Agreement,
the Intel FPGA IP License Agreement, or other applicable license
agreement, including, without limitation, that your use is for
the sole purpose of programming logic devices manufactured by
Intel and sold by Intel or its authorized distributors.  Please
refer to the applicable agreement for further details, at
https://fpgasoftware.intel.com/eula.



+---------------------------------------------------------------------+
; Flow Summary                                                        ;
+-----------------------+---------------------------------------------+
; Flow Status           ; Successful - Sat Jul 03 00:20:03 2021       ;
; Quartus Prime Version ; 18.1.1 Build 646 04/11/2019 SJ Lite Edition ;
; Revision Name         ; Comparator_2                                ;
; Top-level Entity Name ; TopLevel                                    ;
; Family                ; MAX V                                       ;
; Device                ; 5M1270ZT144C5                               ;
; Timing Models         ; Final                                       ;
; Total logic elements  ; 104 / 1,270 ( 8 % )                         ;
; Total pins            ; 5 / 114 ( 4 % )                             ;
; Total virtual pins    ; 0                                           ;
; UFM blocks            ; 0 / 1 ( 0 % )                               ;
+-----------------------+---------------------------------------------+


+-----------------------------------------+
; Flow Settings                           ;
+-------------------+---------------------+
; Option            ; Setting             ;
+-------------------+---------------------+
; Start date & time ; 07/03/2021 00:19:20 ;
; Main task         ; Compilation         ;
; Revision Name     ; Comparator_2        ;
+-------------------+---------------------+


+-------------------------------------------------------------------------------------------------------------------------------------------------------------------+
; Flow Non-Default Global Settings                                                                                                                                  ;
+--------------------------------------+----------------------------------------------------------+---------------+-------------+-----------------------------------+
; Assignment Name                      ; Value                                                    ; Default Value ; Entity Name ; Section Id                        ;
+--------------------------------------+----------------------------------------------------------+---------------+-------------+-----------------------------------+
; COMPILER_SIGNATURE_ID                ; 10995770589199.162525176002412                           ; --            ; --          ; --                                ;
; EDA_DESIGN_INSTANCE_NAME             ; dut                                                      ; --            ; --          ; my_tb                             ;
; EDA_DESIGN_INSTANCE_NAME             ; dut_instance                                             ; --            ; --          ; Testbench                         ;
; EDA_GENERATE_FUNCTIONAL_NETLIST      ; Off                                                      ; --            ; --          ; eda_board_design_timing           ;
; EDA_GENERATE_FUNCTIONAL_NETLIST      ; Off                                                      ; --            ; --          ; eda_board_design_boundary_scan    ;
; EDA_GENERATE_FUNCTIONAL_NETLIST      ; Off                                                      ; --            ; --          ; eda_board_design_signal_integrity ;
; EDA_GENERATE_FUNCTIONAL_NETLIST      ; Off                                                      ; --            ; --          ; eda_board_design_symbol           ;
; EDA_NATIVELINK_SIMULATION_TEST_BENCH ; Testbench                                                ; --            ; --          ; eda_simulation                    ;
; EDA_OUTPUT_DATA_FORMAT               ; Verilog Hdl                                              ; --            ; --          ; eda_simulation                    ;
; EDA_SIMULATION_TOOL                  ; ModelSim-Altera (Verilog)                                ; <None>        ; --          ; --                                ;
; EDA_TEST_BENCH_ENABLE_STATUS         ; TEST_BENCH_MODE                                          ; --            ; --          ; eda_simulation                    ;
; EDA_TEST_BENCH_FILE                  ; my_tb.vhd                                                ; --            ; --          ; my_tb                             ;
; EDA_TEST_BENCH_FILE                  ; TRACEFILE.txt                                            ; --            ; --          ; Testbench                         ;
; EDA_TEST_BENCH_FILE                  ; Testbench.vhd                                            ; --            ; --          ; Testbench                         ;
; EDA_TEST_BENCH_MODULE_NAME           ; my_tb                                                    ; --            ; --          ; my_tb                             ;
; EDA_TEST_BENCH_MODULE_NAME           ; Testbench                                                ; --            ; --          ; Testbench                         ;
; EDA_TEST_BENCH_NAME                  ; my_tb                                                    ; --            ; --          ; eda_simulation                    ;
; EDA_TEST_BENCH_NAME                  ; Testbench                                                ; --            ; --          ; eda_simulation                    ;
; EDA_TIME_SCALE                       ; 1 ps                                                     ; --            ; --          ; eda_simulation                    ;
; MAX_CORE_JUNCTION_TEMP               ; 85                                                       ; --            ; --          ; --                                ;
; MIN_CORE_JUNCTION_TEMP               ; 0                                                        ; --            ; --          ; --                                ;
; MISC_FILE                            ; v_jtag/synthesis/../v_jtag.cmp                           ; --            ; --          ; --                                ;
; MISC_FILE                            ; v_jtag/synthesis/../../v_jtag.qsys                       ; --            ; --          ; --                                ;
; POWER_PRESET_COOLING_SOLUTION        ; No Heat Sink With Still Air                              ; --            ; --          ; --                                ;
; PROJECT_OUTPUT_DIRECTORY             ; output_files                                             ; --            ; --          ; --                                ;
; SLD_FILE                             ; v_jtag/synthesis/v_jtag.debuginfo                        ; --            ; --          ; --                                ;
; SLD_INFO                             ; QSYS_NAME v_jtag HAS_SOPCINFO 1 GENERATION_ID 1623670142 ; --            ; v_jtag      ; --                                ;
; SOPCINFO_FILE                        ; v_jtag/synthesis/../../v_jtag.sopcinfo                   ; --            ; --          ; --                                ;
; SYNTHESIS_ONLY_QIP                   ; On                                                       ; --            ; --          ; --                                ;
; TOP_LEVEL_ENTITY                     ; TopLevel                                                 ; Comparator_2  ; --          ; --                                ;
+--------------------------------------+----------------------------------------------------------+---------------+-------------+-----------------------------------+


+--------------------------------------------------------------------------------------------------------------------------+
; Flow Elapsed Time                                                                                                        ;
+----------------------+--------------+-------------------------+---------------------+------------------------------------+
; Module Name          ; Elapsed Time ; Average Processors Used ; Peak Virtual Memory ; Total CPU Time (on all processors) ;
+----------------------+--------------+-------------------------+---------------------+------------------------------------+
; Analysis & Synthesis ; 00:00:32     ; 1.0                     ; 4770 MB             ; 00:01:09                           ;
; Fitter               ; 00:00:02     ; 1.0                     ; 6155 MB             ; 00:00:03                           ;
; Assembler            ; 00:00:01     ; 1.0                     ; 4652 MB             ; 00:00:01                           ;
; Timing Analyzer      ; 00:00:01     ; 1.0                     ; 4671 MB             ; 00:00:01                           ;
; EDA Netlist Writer   ; 00:00:02     ; 1.0                     ; 4610 MB             ; 00:00:02                           ;
; Total                ; 00:00:38     ; --                      ; --                  ; 00:01:16                           ;
+----------------------+--------------+-------------------------+---------------------+------------------------------------+


+------------------------------------------------------------------------------------+
; Flow OS Summary                                                                    ;
+----------------------+------------------+------------+------------+----------------+
; Module Name          ; Machine Hostname ; OS Name    ; OS Version ; Processor type ;
+----------------------+------------------+------------+------------+----------------+
; Analysis & Synthesis ; LAPTOP-8QTBMK5O  ; Windows 10 ; 10.0       ; x86_64         ;
; Fitter               ; LAPTOP-8QTBMK5O  ; Windows 10 ; 10.0       ; x86_64         ;
; Assembler            ; LAPTOP-8QTBMK5O  ; Windows 10 ; 10.0       ; x86_64         ;
; Timing Analyzer      ; LAPTOP-8QTBMK5O  ; Windows 10 ; 10.0       ; x86_64         ;
; EDA Netlist Writer   ; LAPTOP-8QTBMK5O  ; Windows 10 ; 10.0       ; x86_64         ;
+----------------------+------------------+------------+------------+----------------+


------------
; Flow Log ;
------------
quartus_map --read_settings_files=on --write_settings_files=off Comparator_2 -c Comparator_2
quartus_fit --read_settings_files=off --write_settings_files=off Comparator_2 -c Comparator_2
quartus_asm --read_settings_files=off --write_settings_files=off Comparator_2 -c Comparator_2
quartus_sta Comparator_2 -c Comparator_2
quartus_eda --read_settings_files=off --write_settings_files=off Comparator_2 -c Comparator_2



